2024/07/12	12:38:27	6be967bc-4424-4930-acc1-893da349556e	OPTIONS	/auth/login	http://localhost:5173
2024/07/12	12:38:27	d6151eb5-8677-481c-b5eb-8c192169fa29	POST	/auth/login	http://localhost:5173
2024/07/12	12:40:42	ac7d8cc5-01c3-478b-a397-36d1994f15f6	OPTIONS	/auth/login	http://localhost:5173
2024/07/12	12:40:42	d5783bf1-430a-4974-a7ad-42389b5e7517	POST	/auth/login	http://localhost:5173
2024/07/12	12:40:42	3aab9eb9-37c4-4fce-977f-a4a523a2510a	GET	/users/6690f6e409c0de8b807a5114	http://localhost:5173
2024/07/12	12:40:43	734ba131-9560-4683-af87-bd48b06ac210	GET	/users/6690f6e409c0de8b807a5114	http://localhost:5173
2024/07/12	12:40:43	372041a3-3a5a-45ce-bdad-337503e49d64	GET	/users/6690f6e409c0de8b807a5114	http://localhost:5173
2024/07/12	12:41:06	2f3f55c7-75ce-49d9-95ce-7b84150dd8d6	GET	/users/6690f6e409c0de8b807a5114	http://localhost:5173
2024/07/12	12:41:06	523d0c4e-ca56-4441-b10c-9a9243538114	GET	/users/6690f6e409c0de8b807a5114	http://localhost:5173
2024/07/12	12:41:29	776621bf-ad82-424e-a803-0817e528b132	GET	/emergency	http://localhost:5173
2024/07/12	12:41:29	55c30532-785f-43af-82e3-240b112ef15a	GET	/users/6690f6e409c0de8b807a5114	http://localhost:5173
2024/07/12	12:41:29	17acef31-8eca-4469-98d6-7ccbad3c4438	GET	/emergency	http://localhost:5173
2024/07/12	12:41:29	c07b31bc-8087-4777-b507-d3420618d75b	GET	/users/6690f6e409c0de8b807a5114	http://localhost:5173
2024/07/12	12:41:29	f1b4ec5b-0394-41ba-9ba3-a5d1a489fd33	GET	/emergency	http://localhost:5173
2024/07/12	12:41:29	31bbc686-668f-4567-916f-9862d9c8e78f	GET	/emergency	http://localhost:5173
2024/07/12	12:41:34	90d5963d-30b3-4d2b-ab25-819370a71750	GET	/emergency/669055635a6c8a2301f11f84	http://localhost:5173
2024/07/12	12:41:34	88166f47-dc54-4582-abd8-5acfcf352e59	GET	/emergency/669055635a6c8a2301f11f84	http://localhost:5173
2024/07/12	12:41:44	66d5f2ef-b7a3-4126-9651-dbbb77066b4d	GET	/emergency	http://localhost:5173
2024/07/12	12:41:44	94e2afbc-d243-4c3d-98a7-e67a0c867fe5	GET	/users/6690f6e409c0de8b807a5114	http://localhost:5173
2024/07/12	12:41:44	9def8a5c-5ccb-4e69-9838-be9bd08f1a5e	GET	/users/6690f6e409c0de8b807a5114	http://localhost:5173
2024/07/12	12:41:44	ca31b974-3f81-4a46-859d-b9b6d1106ea5	GET	/emergency	http://localhost:5173
2024/07/12	12:41:44	7241bc9e-328e-450a-af5d-9c10faf9db98	GET	/emergency	http://localhost:5173
2024/07/12	12:41:44	20110982-7763-49f0-9783-1c9d3bcb1db3	GET	/emergency	http://localhost:5173
2024/07/12	12:41:55	d6c2946a-4bd0-49a8-9fa1-fba55bab6181	GET	/emergency	http://localhost:5173
2024/07/12	12:41:55	2cb557e0-2a1c-4ad9-96f6-e97149cad22b	GET	/users/6690f6e409c0de8b807a5114	http://localhost:5173
2024/07/12	12:41:55	98459b7b-f33f-45e2-a19e-55a2a8b95a5d	GET	/emergency	http://localhost:5173
2024/07/12	12:41:55	1e2b9585-a2b5-4c69-8746-4eee3481bf42	GET	/users/6690f6e409c0de8b807a5114	http://localhost:5173
2024/07/12	12:41:55	b920b2c8-6f6e-4602-b04d-af7aa345bc80	GET	/emergency	http://localhost:5173
2024/07/12	12:41:56	5d6ee8bf-5b0e-487c-8c82-decd924a469c	GET	/emergency	http://localhost:5173
2024/07/12	12:42:02	bd906a20-1dd1-4b09-bd5d-c2703686eb8a	GET	/users/search?query=66903b475a6c8a2301f11c28	http://localhost:5173
2024/07/12	12:42:02	2aec3df3-e17a-4140-9cdd-918cdb8e9538	GET	/users/search?query=66903b475a6c8a2301f11c28	http://localhost:5173
2024/07/12	12:42:07	f580c3ae-91b6-4e46-abeb-2840e9df22d7	GET	/users/6690f6e409c0de8b807a5114	http://localhost:5173
2024/07/12	12:42:07	3e721da3-890d-4f8e-ace7-5fd476e601ee	GET	/users/6690f6e409c0de8b807a5114	http://localhost:5173
2024/07/12	12:43:50	47277b97-a4c3-4490-8069-f766a8795eb5	GET	/users/search?query=gift	http://localhost:5173
2024/07/12	12:43:50	a129ebbe-518a-4dfe-a3ae-c54afd4cbe74	GET	/users/search?query=gift	http://localhost:5173
2024/07/12	12:43:55	b1119238-63f8-401e-a64a-6c639c20b1a7	POST	/auth/logout	http://localhost:5173
2024/07/12	12:44:59	0e6ab9ac-80f4-4844-a34a-84da1c110d3a	GET	/users/6690f6e409c0de8b807a5114	http://localhost:5173
2024/07/12	12:45:00	1a5eb166-9c04-4e35-9152-9794762de674	GET	/users/6690f6e409c0de8b807a5114	http://localhost:5173
2024/07/12	12:45:02	bd1f864d-a89a-4a17-9c36-7f3534b4a9ed	GET	/users/6690f6e409c0de8b807a5114	http://localhost:5173
2024/07/12	12:45:02	e8c6d62b-3598-4724-b25a-0c239a26a4f5	GET	/emergency	http://localhost:5173
2024/07/12	12:45:02	25e32db3-1376-4c78-a170-a8981cca84d4	GET	/emergency	http://localhost:5173
2024/07/12	12:45:02	305b0f16-aaa9-4c14-b570-53d2c617ec21	GET	/users/6690f6e409c0de8b807a5114	http://localhost:5173
2024/07/12	12:45:02	333e8885-88ee-4312-a3a4-2f6f48c1afcb	GET	/emergency	http://localhost:5173
2024/07/12	12:45:02	731603a8-d52e-413f-abc9-e0d04248cc6a	GET	/emergency	http://localhost:5173
2024/07/12	12:45:05	87463f37-a422-46f8-8723-eefe9f4374ba	GET	/users/6690f6e409c0de8b807a5114	http://localhost:5173
2024/07/12	12:45:05	c580087b-1f7d-49e8-8055-e848c04970e7	GET	/users/6690f6e409c0de8b807a5114	http://localhost:5173
2024/07/12	12:51:42	e52b6edb-afd4-4ed3-a5d7-232a5561e0e9	OPTIONS	/auth/login	http://localhost:5173
2024/07/12	12:51:42	665eaee2-e2a1-4a0b-a306-d562b1b14d81	POST	/auth/login	http://localhost:5173
2024/07/12	12:51:42	9e9d37a7-f24c-4246-a185-b63d5d02824c	GET	/users/6690f6e409c0de8b807a5114	http://localhost:5173
2024/07/12	12:51:42	d2d1c499-151d-42a8-9bf9-14470b5bc71c	GET	/users/6690f6e409c0de8b807a5114	http://localhost:5173
2024/07/12	12:51:42	289fed69-2842-4a34-9063-a834fe975825	GET	/users/6690f6e409c0de8b807a5114	http://localhost:5173
2024/07/12	12:51:45	863e4785-14ff-47b0-93e0-5a0dec2d661d	GET	/users/6690f6e409c0de8b807a5114	http://localhost:5173
2024/07/12	12:51:45	33e9f832-5b30-4f2c-ba90-ffaad92a2282	GET	/users/6690f6e409c0de8b807a5114	http://localhost:5173
2024/07/12	12:51:46	ab831ea6-93b0-4d4a-9b95-9b3eb556fd96	GET	/emergency	http://localhost:5173
2024/07/12	12:51:46	444cc3a8-e866-4d50-87ed-d0fac3896e13	GET	/users/6690f6e409c0de8b807a5114	http://localhost:5173
2024/07/12	12:51:46	39b0e571-3e25-42d2-8fc5-d1485af290ab	GET	/emergency	http://localhost:5173
2024/07/12	12:51:46	d8dc3a55-3d3a-4021-ad65-34574a0f3c8a	GET	/users/6690f6e409c0de8b807a5114	http://localhost:5173
2024/07/12	12:51:46	9bef1373-cf1e-4f84-82a0-e30e8ec239cc	GET	/emergency	http://localhost:5173
2024/07/12	12:51:46	d3541387-4f15-45eb-8891-8102c8b6a628	GET	/emergency	http://localhost:5173
2024/07/12	12:51:47	c4dc9353-cd24-41fd-8e79-06f5e59dba97	GET	/emergency/669055635a6c8a2301f11f84	http://localhost:5173
2024/07/12	12:51:47	0d2e4c70-80e3-4f62-b4c1-c1e5cff973ee	GET	/emergency/669055635a6c8a2301f11f84	http://localhost:5173
2024/07/12	12:51:48	d5f86249-3cf0-48e9-86f4-0265156efed2	GET	/emergency	http://localhost:5173
2024/07/12	12:51:48	cca289e3-21dc-42f9-8694-7753314bd9f5	GET	/users/6690f6e409c0de8b807a5114	http://localhost:5173
2024/07/12	12:51:48	a00945e1-1e07-4c33-a237-51861cdf6419	GET	/emergency	http://localhost:5173
2024/07/12	12:51:48	879429de-3c27-4d35-b470-523c078e4d1a	GET	/users/6690f6e409c0de8b807a5114	http://localhost:5173
2024/07/12	12:51:48	bc921d7e-5876-49e1-b695-6f78a093873e	GET	/emergency	http://localhost:5173
2024/07/12	12:51:48	e829459b-1956-4529-abd8-2a46771835a3	GET	/emergency	http://localhost:5173
2024/07/12	12:53:30	4527fa3e-74b6-40ef-ab4b-99bc7fea0415	OPTIONS	/auth/login	http://localhost:5173
2024/07/12	12:53:30	ca615302-eb7e-41d3-a16c-a062eb064784	POST	/auth/login	http://localhost:5173
2024/07/12	12:53:30	30db3e95-40e5-49c2-a81a-641d61bab3ce	GET	/users/6690f6e409c0de8b807a5114	http://localhost:5173
2024/07/12	12:53:30	53c241b6-bfdf-4d20-afb9-685ef91e3d71	GET	/users/6690f6e409c0de8b807a5114	http://localhost:5173
2024/07/12	12:53:30	e29947f2-680f-43b9-b7a9-462a22348022	GET	/users/6690f6e409c0de8b807a5114	http://localhost:5173
2024/07/12	12:53:32	76a06973-207d-4fb3-8f23-39bc8e3f57ed	GET	/users/6690f6e409c0de8b807a5114	http://localhost:5173
2024/07/12	12:53:32	e65cb879-12df-488d-8058-9eb3e00e22a3	GET	/users/6690f6e409c0de8b807a5114	http://localhost:5173
2024/07/12	12:53:34	80b273f8-b4f4-4124-a34b-1a6de352d2c6	GET	/emergency	http://localhost:5173
2024/07/12	12:53:34	bb6ea84b-e467-45fa-9e4a-3745e436c99e	GET	/users/6690f6e409c0de8b807a5114	http://localhost:5173
2024/07/12	12:53:34	9e82652f-e8d8-48f6-8340-a15630b3e563	GET	/emergency	http://localhost:5173
2024/07/12	12:53:34	cfe1c046-2ddb-483d-8026-9a1c4f3dc548	GET	/users/6690f6e409c0de8b807a5114	http://localhost:5173
2024/07/12	12:53:34	c6e3fbeb-15f7-4645-bcc4-f929c4428b5f	GET	/emergency	http://localhost:5173
2024/07/12	12:53:34	76350fcf-8b97-4938-a789-2f76f1871807	GET	/emergency	http://localhost:5173
2024/07/12	12:53:35	84c828d3-555c-40aa-8ef9-82b867e65e69	GET	/emergency/669055635a6c8a2301f11f84	http://localhost:5173
2024/07/12	12:53:35	e5499e1b-5244-4933-a19b-ec6f43c795dc	GET	/emergency/669055635a6c8a2301f11f84	http://localhost:5173
2024/07/12	12:53:35	1d9afb48-a80d-42ae-907b-7c453fe909a7	GET	/emergency	http://localhost:5173
2024/07/12	12:53:35	f8591d61-458b-4336-a57d-c63b57d45368	GET	/users/6690f6e409c0de8b807a5114	http://localhost:5173
2024/07/12	12:53:36	182b6fe5-bd51-41da-9e6c-e74e90c0ecf6	GET	/emergency	http://localhost:5173
2024/07/12	12:53:36	36a43aad-0711-4876-bc48-6756737f6f72	GET	/users/6690f6e409c0de8b807a5114	http://localhost:5173
2024/07/12	12:53:36	e3197468-5081-484f-9778-8ce473216c07	GET	/emergency	http://localhost:5173
2024/07/12	12:53:36	55cdfe39-e68e-45fb-897f-f5ba1350c21c	GET	/emergency	http://localhost:5173
2024/07/12	12:57:29	cbfbb3d0-edbc-43cb-b2b4-6d1e902a65c4	GET	/users/6690f6e409c0de8b807a5114	http://localhost:5173
2024/07/12	12:57:29	118678db-0c91-4f91-a7ef-f6f6dd588272	GET	/emergency	http://localhost:5173
2024/07/12	12:57:29	0a41de9f-3810-4128-92d2-ecce135e8178	GET	/users/6690f6e409c0de8b807a5114	http://localhost:5173
2024/07/12	12:57:29	d6b34a02-415a-46ea-b70c-75093cc2f914	GET	/emergency	http://localhost:5173
2024/07/12	12:57:29	8ed88201-e5db-4d32-8fb9-2754984f2c80	GET	/emergency	http://localhost:5173
2024/07/12	12:57:30	9d3e2082-8ab8-49ea-9b78-c01b40bae22e	GET	/emergency	http://localhost:5173
2024/07/12	13:02:58	0fe650c0-0501-466e-b0ad-2e0b29d07068	OPTIONS	/auth/login	http://localhost:5173
2024/07/12	13:02:58	f3b7f8b9-9a59-4b42-8d8e-0cc05475eec2	POST	/auth/login	http://localhost:5173
2024/07/12	13:02:58	3341d00d-d20b-4708-8c72-c714220ccf68	GET	/users/6690f6e409c0de8b807a5114	http://localhost:5173
2024/07/12	13:02:58	9848cd5f-474e-4f57-8be7-5786957a0790	GET	/users/6690f6e409c0de8b807a5114	http://localhost:5173
2024/07/12	13:02:58	cb6a990c-be71-4b0a-bc50-108c66dcfb44	GET	/users/6690f6e409c0de8b807a5114	http://localhost:5173
2024/07/12	13:03:00	50e24440-fb22-494b-aafa-1f3c855b52e4	GET	/users/6690f6e409c0de8b807a5114	http://localhost:5173
2024/07/12	13:03:01	e2aad2a3-1196-414c-9436-551ff74bf7af	GET	/users/6690f6e409c0de8b807a5114	http://localhost:5173
2024/07/12	13:03:02	57b63d13-01b5-4287-8afe-5a6cb5a2f017	GET	/emergency	http://localhost:5173
2024/07/12	13:03:02	209ae9dc-a2fa-475f-bd7c-38802ecc9649	GET	/users/6690f6e409c0de8b807a5114	http://localhost:5173
2024/07/12	13:03:02	bac1142e-77d1-4fff-aee5-3a724b423f53	GET	/emergency	http://localhost:5173
2024/07/12	13:03:02	df25f02c-0b9d-474f-a8d4-9c681d29b7eb	GET	/users/6690f6e409c0de8b807a5114	http://localhost:5173
2024/07/12	13:03:02	f882ea5e-3f5f-44a7-ba06-cdb72c614f5b	GET	/emergency	http://localhost:5173
2024/07/12	13:03:02	f9bce86d-d693-4bbe-90d3-e23461790496	GET	/emergency	http://localhost:5173
2024/07/12	13:03:03	af877b00-5578-4031-b4fb-a480da0775f1	GET	/emergency/669055635a6c8a2301f11f84	http://localhost:5173
2024/07/12	13:03:03	b26a5f2d-3239-4b71-9564-3f9a6acd1aee	GET	/emergency/669055635a6c8a2301f11f84	http://localhost:5173
2024/07/12	13:03:04	4167e5d6-f777-4f3a-ab44-66a94e8299be	GET	/emergency	http://localhost:5173
2024/07/12	13:03:04	314ab40c-741f-47c2-9360-b92b428fd212	GET	/users/6690f6e409c0de8b807a5114	http://localhost:5173
2024/07/12	13:03:04	171d537e-70d2-46ea-bc48-c0260b4d63f4	GET	/emergency	http://localhost:5173
2024/07/12	13:03:04	c151c154-368f-4914-971b-266bc62f59bb	GET	/users/6690f6e409c0de8b807a5114	http://localhost:5173
2024/07/12	13:03:04	3b7fbfe4-8e5b-4768-a892-aa413081bd0c	GET	/emergency	http://localhost:5173
2024/07/12	13:03:04	8b9b3a08-ba77-4ad5-9c6e-d460c4d3b05d	GET	/emergency	http://localhost:5173
2024/07/12	13:04:17	8b05695c-d003-4693-93b6-a061a64714e0	GET	/emergency	http://localhost:5173
2024/07/12	13:04:17	64e21f79-86ef-4743-b96a-ce56cef50698	GET	/users/6690f6e409c0de8b807a5114	http://localhost:5173
2024/07/12	13:04:17	f1dfe137-0e4b-4326-ac34-a9e5b40bdc75	GET	/emergency	http://localhost:5173
2024/07/12	13:04:17	26f4d8b1-1a84-408c-83a4-b0741f44144e	GET	/users/6690f6e409c0de8b807a5114	http://localhost:5173
2024/07/12	13:04:17	13cad97f-5952-4b4a-aded-297010bb5144	GET	/emergency	http://localhost:5173
2024/07/12	13:04:17	736ebe11-f866-46ff-a3dc-eac47d8f5267	GET	/emergency	http://localhost:5173
2024/07/12	13:05:52	ba896fc0-2c20-49e2-8475-6ffc3401174c	OPTIONS	/auth/login	http://localhost:5173
2024/07/12	13:05:52	f506977d-a7e8-4462-9abf-02dc927f7832	POST	/auth/login	http://localhost:5173
2024/07/12	13:05:53	d4114c37-ec50-4a90-9c23-ac51ce92e413	GET	/users/6690f6e409c0de8b807a5114	http://localhost:5173
2024/07/12	13:05:53	7e816b09-fb68-467f-8a83-cbcb8376f3be	GET	/users/6690f6e409c0de8b807a5114	http://localhost:5173
2024/07/12	13:05:53	be69f578-6efb-4bf5-8b05-e0b4ce770df3	GET	/users/6690f6e409c0de8b807a5114	http://localhost:5173
2024/07/12	13:05:55	85bcffdc-c4ad-4f9d-bada-66e932a4686a	GET	/users/6690f6e409c0de8b807a5114	http://localhost:5173
2024/07/12	13:05:55	618ae1b4-d338-420d-a519-466620c1e425	GET	/users/6690f6e409c0de8b807a5114	http://localhost:5173
2024/07/12	13:05:56	4ea38ff1-94cb-45f6-a7c5-34e30e742c45	GET	/emergency	http://localhost:5173
2024/07/12	13:05:56	4e73a95d-06dd-40b8-ac02-a8d4ae5bd27b	GET	/users/6690f6e409c0de8b807a5114	http://localhost:5173
2024/07/12	13:05:56	e1a49cc0-c214-42db-b5c7-c532b00ef93d	GET	/emergency	http://localhost:5173
2024/07/12	13:05:56	e3d58454-78fe-4908-b226-37d25e597c40	GET	/users/6690f6e409c0de8b807a5114	http://localhost:5173
2024/07/12	13:05:56	6afc97e4-d6d0-4591-a791-cb01ca25362e	GET	/emergency	http://localhost:5173
2024/07/12	13:05:56	ac2b591e-018f-43c8-bee8-82f1037ec14c	GET	/emergency	http://localhost:5173
2024/07/12	13:05:57	611d9a7c-a845-4de3-b496-28e3b050fb11	GET	/emergency/669055635a6c8a2301f11f84	http://localhost:5173
2024/07/12	13:05:57	de74826d-d0d3-490d-8818-d9f1465dd21b	GET	/emergency/669055635a6c8a2301f11f84	http://localhost:5173
2024/07/12	13:05:57	777530b6-a106-4a90-8fea-0b9e666e8d7b	GET	/emergency	http://localhost:5173
2024/07/12	13:05:57	b2c78ad5-582c-4d5b-b85c-52929ee31eab	GET	/users/6690f6e409c0de8b807a5114	http://localhost:5173
2024/07/12	13:05:58	7996e999-aa99-4e6c-b9a9-b9e3bfebde7b	GET	/emergency	http://localhost:5173
2024/07/12	13:05:58	a0c6f9e2-cd26-44e8-afe6-ee25673c54b4	GET	/users/6690f6e409c0de8b807a5114	http://localhost:5173
2024/07/12	13:05:58	7d5b2cb5-00eb-4675-861f-eb6e28b395db	GET	/emergency	http://localhost:5173
2024/07/12	13:05:58	f923ce77-1739-4bbb-a36c-a52a5691617e	GET	/emergency	http://localhost:5173
2024/07/12	13:06:11	86b3e49f-eb58-45e2-944f-1d31ffa189d3	OPTIONS	/auth/login	http://localhost:5173
2024/07/12	13:06:11	22330eba-79c8-4e46-843a-5263d2efd650	POST	/auth/login	http://localhost:5173
2024/07/12	13:06:12	ade0943b-97df-422e-9c43-976bd8e299c2	GET	/users/6690f6e409c0de8b807a5114	http://localhost:5173
2024/07/12	13:06:12	ce37858c-c859-494a-a853-b53ce8e66f3b	GET	/users/6690f6e409c0de8b807a5114	http://localhost:5173
2024/07/12	13:06:12	839cc6a2-6068-4942-a0ca-71bb77b832c8	GET	/users/6690f6e409c0de8b807a5114	http://localhost:5173
2024/07/12	13:06:14	8e3f354f-5cc1-4d6c-85f4-7218850d5956	GET	/users/6690f6e409c0de8b807a5114	http://localhost:5173
2024/07/12	13:06:15	4738d6e0-cea0-4d7e-ae28-586b59c7c956	GET	/users/6690f6e409c0de8b807a5114	http://localhost:5173
2024/07/12	13:06:16	182cf2eb-09d0-493c-a22a-a1792b93a122	GET	/emergency	http://localhost:5173
2024/07/12	13:06:16	6d9709af-21a8-43bf-91e9-4352827fe1e0	GET	/users/6690f6e409c0de8b807a5114	http://localhost:5173
2024/07/12	13:06:16	ce085387-c356-413f-a591-d213479aa0c6	GET	/emergency	http://localhost:5173
2024/07/12	13:06:16	059ad626-0f4c-452c-91f2-5b5e51be75e1	GET	/users/6690f6e409c0de8b807a5114	http://localhost:5173
2024/07/12	13:06:17	73f8fd41-eb3d-4326-b87a-17a24fc6e824	GET	/emergency	http://localhost:5173
2024/07/12	13:06:17	1610414c-dabd-4b30-a524-aaf932eb110f	GET	/emergency	http://localhost:5173
2024/07/12	13:06:17	e449dcd2-9356-4183-973c-cd9086dfd2df	GET	/emergency/669055635a6c8a2301f11f84	http://localhost:5173
2024/07/12	13:06:18	aaffabb7-8366-49ee-87aa-3ee061acc6fa	GET	/emergency/669055635a6c8a2301f11f84	http://localhost:5173
2024/07/12	13:06:19	2389cb82-4caa-43bc-80af-0daca32c6b31	GET	/emergency	http://localhost:5173
2024/07/12	13:06:19	bf42884b-2bc6-4dd1-8c75-216610543a87	GET	/users/6690f6e409c0de8b807a5114	http://localhost:5173
2024/07/12	13:06:19	bb9f500b-bebe-4897-8b50-b2a1ffba4b77	GET	/emergency	http://localhost:5173
2024/07/12	13:06:19	5e30ee9b-dbb6-418c-b296-766fe6bd1c47	GET	/users/6690f6e409c0de8b807a5114	http://localhost:5173
2024/07/12	13:06:19	2ebc75c9-64a4-494b-8feb-dacc4e466754	GET	/emergency	http://localhost:5173
2024/07/12	13:06:19	4c684fcc-94ac-452d-8503-9f861f1426f0	GET	/emergency	http://localhost:5173
2024/07/12	13:07:46	ce7f48cc-bb8e-4682-847e-f2a55e671f80	OPTIONS	/auth/login	http://localhost:5173
2024/07/12	13:07:46	885f7305-88e2-4e6a-a039-eee7119eb0dc	POST	/auth/login	http://localhost:5173
2024/07/12	13:07:46	25317077-0ac4-4935-a63f-3076ebf9aeb7	GET	/users/6690f6e409c0de8b807a5114	http://localhost:5173
2024/07/12	13:07:46	718fa1ab-6bde-40fa-86d1-c0f43a22b30b	GET	/users/6690f6e409c0de8b807a5114	http://localhost:5173
2024/07/12	13:07:46	c896f464-1b19-4ede-a2e4-277a4977933b	GET	/users/6690f6e409c0de8b807a5114	http://localhost:5173
2024/07/12	13:07:49	ab5408dd-f171-4490-9dad-e7104f0f8774	GET	/users/6690f6e409c0de8b807a5114	http://localhost:5173
2024/07/12	13:07:49	74002a4d-08b5-4290-8dc3-1e4df26a5b8c	GET	/users/6690f6e409c0de8b807a5114	http://localhost:5173
2024/07/12	13:07:50	8a73d5c4-dd43-4a60-a6cf-8b2050700a1c	GET	/emergency	http://localhost:5173
2024/07/12	13:07:50	bc2b3dc3-f098-4a5f-9e17-4ddc06ea8e19	GET	/users/6690f6e409c0de8b807a5114	http://localhost:5173
2024/07/12	13:07:50	76f462b7-55d9-4665-a161-d5a0cde8f24d	GET	/emergency	http://localhost:5173
2024/07/12	13:07:50	6cfa9b9c-c70f-40b3-9d47-7a05abff0fa0	GET	/users/6690f6e409c0de8b807a5114	http://localhost:5173
2024/07/12	13:07:50	d84f4e35-ab58-4d5b-baae-cdf9c65cb9ee	GET	/emergency	http://localhost:5173
2024/07/12	13:07:50	d94c6d8a-bf48-4c4b-bc0d-809ba903973a	GET	/emergency	http://localhost:5173
2024/07/12	13:07:51	3a5cfe47-c8d6-4224-bc21-7d85a5c3cb15	GET	/emergency/669055635a6c8a2301f11f84	http://localhost:5173
2024/07/12	13:07:51	a20f263c-3912-45c3-bdf9-0751074b0c34	GET	/emergency/669055635a6c8a2301f11f84	http://localhost:5173
2024/07/12	13:07:52	42756d2c-abfc-4239-a8b6-e4774a521030	GET	/emergency	http://localhost:5173
2024/07/12	13:07:52	6d4f58ca-ed22-45e0-bb1f-7daebc58baf9	GET	/users/6690f6e409c0de8b807a5114	http://localhost:5173
2024/07/12	13:07:52	b99135b7-7efc-48c0-873f-2ea9ec46da5f	GET	/emergency	http://localhost:5173
2024/07/12	13:07:52	d2172c8e-2760-4a36-8f7d-1789af08eff8	GET	/users/6690f6e409c0de8b807a5114	http://localhost:5173
2024/07/12	13:07:52	06bcbd0f-a218-4624-87bd-7c0b9a5775c3	GET	/emergency	http://localhost:5173
2024/07/12	13:07:52	c29bf017-12b0-42cb-8b50-ed6c6aa1a80a	GET	/emergency	http://localhost:5173
2024/07/12	13:07:53	7c55b276-241e-4ad7-9da9-df2c3d110f10	GET	/emergency	http://localhost:5173
2024/07/12	13:07:53	56b1f2c6-efc6-4536-8d7e-2b3057924959	GET	/users/6690f6e409c0de8b807a5114	http://localhost:5173
2024/07/12	13:07:53	c614840f-e6cb-426f-bb88-acff7f8f8852	GET	/emergency	http://localhost:5173
2024/07/12	13:07:53	69e9827d-957c-4ed0-91ea-c622ad955221	GET	/users/6690f6e409c0de8b807a5114	http://localhost:5173
2024/07/12	13:07:53	f9ce41c5-6199-4db7-9b89-f0f8a1603ad3	GET	/emergency	http://localhost:5173
2024/07/12	13:07:53	6d586e78-7fdb-4411-97b1-b023aa15515d	GET	/emergency	http://localhost:5173
2024/07/12	13:07:54	652da184-ba3d-4ef2-9805-f414705f136b	GET	/users/search?query=66903b475a6c8a2301f11c28	http://localhost:5173
2024/07/12	13:07:54	9e90cdd0-6292-4210-9dc1-e7fba8493451	GET	/users/search?query=66903b475a6c8a2301f11c28	http://localhost:5173
2024/07/12	13:07:55	88aea014-1d58-4ebe-9597-23cd9db1c22f	GET	/users/6690f6e409c0de8b807a5114	http://localhost:5173
2024/07/12	13:07:55	2f6858d3-29ff-4cef-a297-be8a9117c4bc	GET	/users/6690f6e409c0de8b807a5114	http://localhost:5173
2024/07/12	13:07:57	cc054ea9-b60e-462e-836d-f6b0dee2a567	OPTIONS	/users/	http://localhost:5173
2024/07/12	13:07:57	e3506b9b-559b-4345-979d-88c2e368f3e5	PATCH	/users/	http://localhost:5173
2024/07/12	13:07:58	65debe57-b7d2-4af1-a14d-86fb72d83375	GET	/users/search?query=gift	http://localhost:5173
2024/07/12	13:07:58	79b7496d-9413-48f4-bac7-1585b1f81422	POST	/auth/logout	http://localhost:5173
2024/07/12	13:07:58	8428f010-59d5-42d0-b0ef-f7635d50d700	GET	/users/search?query=gift	http://localhost:5173
2024/07/12	13:11:42	692c4dfa-f259-4256-8d1d-851ac0a74f58	OPTIONS	/auth/login	http://localhost:5173
2024/07/12	13:11:42	18bed9ac-f1e2-4e4a-8e0d-0f703fbc38d9	POST	/auth/login	http://localhost:5173
2024/07/12	13:11:50	d77135e5-fcd2-45af-8e18-1db7efdaacc3	OPTIONS	/auth/login	http://localhost:5173
2024/07/12	13:11:50	1d692d98-3954-43cb-8cd0-fbdc14fb6d7e	POST	/auth/login	http://localhost:5173
2024/07/12	13:12:05	c998ce31-e691-4978-923a-610ec8ae8a36	POST	/auth/logout	http://localhost:5173
2024/07/12	13:12:12	f79517b5-ec69-446b-ba43-cddd7b39ac82	OPTIONS	/auth/login	http://localhost:5173
2024/07/12	13:12:12	5216e3e2-c0f6-47bc-b985-18b461d4c773	POST	/auth/login	http://localhost:5173
2024/07/12	13:13:13	48f8556c-b8ca-4ec4-8486-1bf34800484b	OPTIONS	/auth/login	http://localhost:5173
2024/07/12	13:13:13	5d5af863-6307-467c-8227-c8e1687179bd	POST	/auth/login	http://localhost:5173
2024/07/12	13:13:25	a99e4c40-b53d-492a-a7d7-27dde5cfaf2e	OPTIONS	/auth/login	http://localhost:5173
2024/07/12	13:13:25	111c3b0d-93ad-4443-8e1f-7ffb0ea6badd	POST	/auth/login	http://localhost:5173
2024/07/12	13:14:53	eafec91f-dc02-473a-8a2e-06a466ad38e5	POST	/auth/register	undefined
2024/07/12	13:15:00	4b97c229-8549-4cf6-8f2b-5528102c7f2f	OPTIONS	/auth/login	http://localhost:5173
2024/07/12	13:15:00	48eb4fdc-6c2d-4fd1-be3f-c0b200305695	POST	/auth/login	http://localhost:5173
2024/07/12	13:15:00	8eabfaa6-9a07-46ec-8757-41dd4f87c885	GET	/users/6691021d09c0de8b807a57a1	http://localhost:5173
2024/07/12	13:15:00	4ba74107-9eac-41fe-9ae0-7d1a12cc5de8	GET	/users/6691021d09c0de8b807a57a1	http://localhost:5173
2024/07/12	13:15:00	ff286a51-2572-41f5-9b56-7712ae41e4cb	GET	/users/6691021d09c0de8b807a57a1	http://localhost:5173
2024/07/12	13:15:38	0a341c6b-9cb6-4f28-be49-a9d9bb8063b4	GET	/users/6691021d09c0de8b807a57a1	http://localhost:5173
2024/07/12	13:15:38	246a8ad7-8a17-45d6-9459-93401c48ee80	GET	/users/6691021d09c0de8b807a57a1	http://localhost:5173
2024/07/12	13:16:08	043c3a2a-fa80-43e6-83a8-c7d8702d6562	OPTIONS	/users/	http://localhost:5173
2024/07/12	13:16:08	b3320cd9-c122-4456-b2c0-b2f30eeec5d4	PATCH	/users/	http://localhost:5173
2024/07/12	13:16:17	ba835fd8-8128-4eba-9c07-033e80f6620b	POST	/auth/logout	http://localhost:5173
2024/07/12	13:16:25	6ae7fd20-32b9-4647-b7c2-20c8010fd708	OPTIONS	/auth/login	http://localhost:5173
2024/07/12	13:16:25	5aafdc00-7b0c-4b2d-9788-1df08ec9aada	POST	/auth/login	http://localhost:5173
2024/07/12	13:18:40	f17a6a68-f6e3-4e6e-84a0-652722829144	OPTIONS	/auth/login	http://localhost:5173
2024/07/12	13:18:40	1b343297-e4ed-43af-a46c-0df4b9068ddf	POST	/auth/login	http://localhost:5173
2024/07/12	13:18:40	a6e4b86f-0c7a-464b-a877-a49df123dd7e	GET	/users/66903b7e5a6c8a2301f11dc6	http://localhost:5173
2024/07/12	13:18:40	23487ac4-4e50-4028-90a0-2fc87f521dfe	GET	/users/66903b7e5a6c8a2301f11dc6	http://localhost:5173
2024/07/12	13:18:40	ff294161-955b-498e-a84f-3a4652bde5f2	GET	/users/66903b7e5a6c8a2301f11dc6	http://localhost:5173
2024/07/12	13:18:42	0dc26b42-e517-4173-8f03-33e898c7c344	POST	/auth/logout	http://localhost:5173
2024/07/12	13:18:50	eb4771e0-4c9c-4a04-b1c0-e0c248274ac6	OPTIONS	/auth/login	http://localhost:5173
2024/07/12	13:18:50	48f6e569-13cf-420a-bf53-adf1d30dcc7f	POST	/auth/login	http://localhost:5173
2024/07/12	13:24:25	43ee94c4-e4af-4a60-9641-fcf1c30de6fc	OPTIONS	/auth/login	http://localhost:5173
2024/07/12	13:24:25	8e764fca-9078-462e-83fa-63d16fec2ccc	POST	/auth/login	http://localhost:5173
2024/07/12	13:24:25	64f3df0f-026d-40aa-8d50-4f92f574a80a	GET	/users/66903b7e5a6c8a2301f11dc6	http://localhost:5173
2024/07/12	13:24:26	a6927f7d-bfc6-464e-a396-2bd6af14a59a	GET	/users/66903b7e5a6c8a2301f11dc6	http://localhost:5173
2024/07/12	13:24:26	44250c7c-f03a-444b-9fae-556e8b9bce45	GET	/users/66903b7e5a6c8a2301f11dc6	http://localhost:5173
2024/07/12	13:27:53	8da3c317-96d2-49be-bdea-fdcb37c0001b	GET	/users/66903b7e5a6c8a2301f11dc6	http://localhost:5173
2024/07/12	13:27:53	2242626a-8d7a-4624-87dc-2cc71c2019c8	GET	/users/66903b7e5a6c8a2301f11dc6	http://localhost:5173
2024/07/12	13:36:51	1dc1a28e-3065-4759-a528-02bed7823563	POST	/auth/logout	http://localhost:5173
2024/07/12	13:36:56	2fedf57b-6333-4090-8fc9-5bee94545b9d	POST	/auth/register	undefined
2024/07/12	13:37:06	18208fa3-2fca-4eb4-bbe7-86e7992ed458	OPTIONS	/auth/login	http://localhost:5173
2024/07/12	13:37:06	4176f005-7985-4248-947c-973dc8077683	POST	/auth/login	http://localhost:5173
2024/07/12	13:37:07	a394e71c-f7c9-4d0f-8739-923d868b0269	GET	/users/6691074909c0de8b807a57bc	http://localhost:5173
2024/07/12	13:37:07	17fab012-ae4e-435c-89a1-937f35a375ce	GET	/users/6691074909c0de8b807a57bc	http://localhost:5173
2024/07/12	13:37:07	5122d8bb-83ff-4678-9b4c-2452564e7374	GET	/users/6691074909c0de8b807a57bc	http://localhost:5173
2024/07/12	13:43:11	f527708b-7db7-44e7-8672-0a2550d6262e	GET	/users/6691074909c0de8b807a57bc	http://localhost:5173
2024/07/12	13:43:12	554f221f-462d-4bbe-8056-e8575723f8a2	GET	/users/6691074909c0de8b807a57bc	http://localhost:5173
2024/07/12	13:43:43	8ede24f0-72e7-44dc-91b5-b4641e5755a6	OPTIONS	/users/	http://localhost:5173
2024/07/12	13:43:43	f95e8863-6304-46c6-b244-7bf4d600b006	PATCH	/users/	http://localhost:5173
2024/07/12	13:44:22	b0e464c8-9e4b-4665-99f3-612fe5f7b96a	POST	/auth/logout	http://localhost:5173
2024/07/12	13:44:35	681c869d-24ab-437e-b062-071ea5500698	OPTIONS	/auth/login	http://localhost:5173
2024/07/12	13:44:35	bb74f7ea-b0d5-461a-8629-e4faa6c21197	POST	/auth/login	http://localhost:5173
2024/07/12	13:46:25	df872b21-35d6-43b2-bec7-0df7e73cc102	POST	/auth/register	undefined
2024/07/12	13:46:30	e23ad58d-963e-4d2f-b240-b5b2dc8c9820	OPTIONS	/auth/login	http://localhost:5173
2024/07/12	13:46:30	fc7b3fee-de6a-44a4-aa3d-8576fb8d957b	POST	/auth/login	http://localhost:5173
2024/07/12	13:46:31	caf03b5b-b1df-406d-a349-aef99810e0d9	GET	/users/66910982cd8999bb035b7eed	http://localhost:5173
2024/07/12	13:46:31	57f5fd21-54e2-4592-afab-382da87775cd	GET	/users/66910982cd8999bb035b7eed	http://localhost:5173
2024/07/12	13:46:31	77a7bd30-0f41-46fc-8819-f98c41b799c7	GET	/users/66910982cd8999bb035b7eed	http://localhost:5173
2024/07/12	13:46:34	ecddf8ff-a284-4cbe-8250-71fa393afcd6	GET	/users/66910982cd8999bb035b7eed	http://localhost:5173
2024/07/12	13:46:34	eeda8882-28e4-4742-afb3-45c68df2f7f8	GET	/users/66910982cd8999bb035b7eed	http://localhost:5173
2024/07/12	13:46:57	47c8f0a6-423f-4749-bbe6-f4841775af20	OPTIONS	/users/	http://localhost:5173
2024/07/12	13:46:57	1c9c5c4d-6525-4d76-a489-1982ab627d01	PATCH	/users/	http://localhost:5173
2024/07/12	13:47:02	23f7192c-4cce-4ef9-9d22-9713d13f7529	POST	/auth/logout	http://localhost:5173
2024/07/12	13:47:09	d551a5e8-1859-4a80-89b6-6fee65fd74c6	OPTIONS	/auth/login	http://localhost:5173
2024/07/12	13:47:09	507050af-a865-46b3-af3d-725f79156eba	POST	/auth/login	http://localhost:5173
2024/07/12	14:00:24	88ad07ed-9cc7-46db-8cde-975d7250022e	OPTIONS	/auth/login	http://localhost:5173
2024/07/12	14:00:24	f2d93a9e-c902-4a9f-88c2-a825dbc82eaf	POST	/auth/login	http://localhost:5173
2024/07/12	14:00:47	58e351fe-7477-40a3-a3a2-720728b303ac	OPTIONS	/auth/login	http://localhost:5173
2024/07/12	14:00:47	78d28150-d6ed-4f55-8c5d-8133403a92c4	POST	/auth/login	http://localhost:5173
2024/07/12	14:00:47	372a00a3-9062-4b71-b2e6-e97383bcf99e	GET	/users/66903baa5a6c8a2301f11e1c	http://localhost:5173
2024/07/12	14:00:47	7dc17b4e-bdd4-4302-969e-dd03a0171157	GET	/users/66903baa5a6c8a2301f11e1c	http://localhost:5173
2024/07/12	14:00:47	25ce9509-49d7-4932-b39a-d2b9e01f176a	GET	/users/66903baa5a6c8a2301f11e1c	http://localhost:5173
2024/07/12	14:00:54	f0ed7963-a868-4435-8ecf-9e416f4a9ba9	GET	/users/66903baa5a6c8a2301f11e1c	http://localhost:5173
2024/07/12	14:00:54	b1066edb-25a5-4bf4-91ca-1f46d824b02d	GET	/users/66903baa5a6c8a2301f11e1c	http://localhost:5173
2024/07/12	14:01:06	4abbbb4e-6dce-4aab-b2f0-a082d79d95f2	OPTIONS	/users/	http://localhost:5173
2024/07/12	14:01:06	bff523b3-7b81-4790-be00-f191a677883a	PATCH	/users/	http://localhost:5173
2024/07/12	14:01:09	62378078-85a1-4ddc-8f42-543ddcee9692	POST	/auth/logout	http://localhost:5173
2024/07/12	14:01:20	84806a96-78f0-4827-940f-03449f433f6c	OPTIONS	/auth/login	http://localhost:5173
2024/07/12	14:01:20	fae4c342-221e-4151-bb3a-2745ba506beb	POST	/auth/login	http://localhost:5173
2024/07/12	14:04:04	8eccd12a-b788-461c-9103-cc9d230dc5b2	OPTIONS	/auth/login	http://localhost:5173
2024/07/12	14:04:04	4f24e2d6-25ff-4e48-a52d-9aaa034f9ddc	POST	/auth/login	http://localhost:5173
2024/07/12	14:11:02	51ddfc98-395b-49e0-8861-614341eeeb89	POST	/auth/register	undefined
2024/07/12	14:11:15	19449bde-3578-4047-a96e-588bc51562bc	OPTIONS	/auth/login	http://localhost:5173
2024/07/12	14:11:15	c6d0a434-0549-4125-bcb0-49c58861ec0e	POST	/auth/login	http://localhost:5173
2024/07/12	14:11:15	bc2fff41-7fec-45d4-8531-2f1354bd8af9	GET	/users/66910f464ee3cf8927d233ed	http://localhost:5173
2024/07/12	14:11:15	465e9c33-4e19-4799-b46e-b0b3b839962c	GET	/users/66910f464ee3cf8927d233ed	http://localhost:5173
2024/07/12	14:11:15	f9b4ac48-6b80-47e3-9db9-1d28e394353c	GET	/users/66910f464ee3cf8927d233ed	http://localhost:5173
2024/07/12	14:11:19	d196aed8-582d-4ff9-9cd6-ba597a3932b0	GET	/users/66910f464ee3cf8927d233ed	http://localhost:5173
2024/07/12	14:11:19	ec498cdb-acaa-4828-a28c-be08c87e78f3	GET	/users/66910f464ee3cf8927d233ed	http://localhost:5173
2024/07/12	14:11:49	4934efec-52ea-40ed-8b4d-0548e3ccb579	OPTIONS	/users/	http://localhost:5173
2024/07/12	14:11:49	5cfc7072-c63c-4d90-bee0-a96d35bb11ac	PATCH	/users/	http://localhost:5173
2024/07/12	14:11:52	2429ce4b-e7d1-434f-b0f4-bfa68326c613	POST	/auth/logout	http://localhost:5173
2024/07/12	14:11:59	e762bbf3-f652-438b-bafc-2f8a395fee7a	OPTIONS	/auth/login	http://localhost:5173
2024/07/12	14:11:59	e1b3d4de-baa8-4fbe-bbaf-c316bf7a332a	POST	/auth/login	http://localhost:5173
2024/07/12	14:11:59	58e263a0-8743-4736-ad85-02f7ba5c567c	GET	/users/66910f464ee3cf8927d233ed	http://localhost:5173
2024/07/12	14:11:59	cff3746e-1145-4d8b-8a23-6d8f99953224	GET	/users/66910f464ee3cf8927d233ed	http://localhost:5173
2024/07/12	14:11:59	62ded2c9-97a8-441c-b1e7-fe2db8e6cf2b	GET	/users/66910f464ee3cf8927d233ed	http://localhost:5173
2024/07/12	14:12:07	38159376-ca3c-4ace-bbe3-f37884f95d8e	GET	/users/66910f464ee3cf8927d233ed	http://localhost:5173
2024/07/12	14:12:07	e59ded94-6417-490d-9a13-77c8790ee455	GET	/users/66910f464ee3cf8927d233ed	http://localhost:5173
2024/07/12	14:12:11	817d0044-30e0-456f-9c60-f62db355e8d4	OPTIONS	/users/	http://localhost:5173
2024/07/12	14:12:11	9e037f70-dfc4-408e-9d55-6a5025f08733	PATCH	/users/	http://localhost:5173
2024/07/12	14:12:14	b55b4323-a8bb-4698-a4cf-1aeb33e435d0	GET	/users/66910f464ee3cf8927d233ed	http://localhost:5173
2024/07/12	14:12:14	6384115a-3300-42fb-b90f-0a704e36e105	GET	/users/66910f464ee3cf8927d233ed	http://localhost:5173
2024/07/12	14:12:19	893fac46-f7d5-4829-b5ce-87699acde95b	POST	/auth/logout	http://localhost:5173
2024/07/12	14:12:31	14b2139b-d42c-4892-90a1-a28cc0ee3cba	OPTIONS	/auth/login	http://localhost:5173
2024/07/12	14:12:31	fbb44833-b139-4339-940b-7c7e4a31d210	POST	/auth/login	http://localhost:5173
2024/07/12	14:15:13	83e84d8a-3e97-488f-add2-e8830cc0e2fd	POST	/auth/register	undefined
2024/07/12	14:15:24	ff9fc12e-c51c-4917-b5af-7500f5d5d12c	OPTIONS	/auth/login	http://localhost:5173
2024/07/12	14:15:24	cce503b6-7047-442c-a697-6fff9a483efd	POST	/auth/login	http://localhost:5173
2024/07/12	14:15:25	9499b416-2b1f-4f5a-86e1-0e4f7caf297c	GET	/users/6691104169885852ecf4edd7	http://localhost:5173
2024/07/12	14:15:25	6aff1698-0e99-4eb4-8d59-2010ccfd8055	GET	/users/6691104169885852ecf4edd7	http://localhost:5173
2024/07/12	14:15:25	c2a306aa-a089-44c6-9a8f-b8c74f33d1d5	GET	/users/6691104169885852ecf4edd7	http://localhost:5173
2024/07/12	14:15:27	34811a26-b151-4ff4-8236-57b502cda18d	GET	/users/6691104169885852ecf4edd7	http://localhost:5173
2024/07/12	14:15:27	8e80a47a-de39-43a2-bd70-9ff9e221c734	GET	/users/6691104169885852ecf4edd7	http://localhost:5173
2024/07/12	14:15:36	cd28863c-5471-4025-83b6-c8e00f0f456a	OPTIONS	/users/	http://localhost:5173
2024/07/12	14:15:36	0191fb51-964a-4c74-b7b5-59fb08681dec	PATCH	/users/	http://localhost:5173
2024/07/12	14:19:49	c56171fe-ed71-4b39-b359-1de47f792f49	POST	/auth/logout	http://localhost:5173
2024/07/12	14:19:53	e92f21c9-c3f4-4b69-bf6f-3054061052a3	POST	/auth/register	undefined
2024/07/12	14:20:03	ac80da38-147b-4d7e-bc6f-3cc22da8bf1f	OPTIONS	/auth/login	http://localhost:5173
2024/07/12	14:20:03	83751044-3579-402d-ac97-957262cdcfd9	POST	/auth/login	http://localhost:5173
2024/07/12	14:20:03	e405bd5a-22d9-4552-ac95-ffbd2e06fc8f	GET	/users/669111599f70199451029c19	http://localhost:5173
2024/07/12	14:20:03	9a07aecc-0ac4-4927-8531-57f3c28f9c4e	GET	/users/669111599f70199451029c19	http://localhost:5173
2024/07/12	14:20:03	8f8a5b3e-8275-4772-9d65-c1dfa7cea338	GET	/users/669111599f70199451029c19	http://localhost:5173
2024/07/12	14:20:10	133c81ca-92d0-47dc-9467-12824c1129f0	GET	/users/669111599f70199451029c19	http://localhost:5173
2024/07/12	14:20:10	dbc373b9-3abf-499f-b8fd-d06526d92aab	GET	/users/669111599f70199451029c19	http://localhost:5173
2024/07/12	14:20:16	cff1e7e9-7580-493b-a17b-5b02b18089fc	OPTIONS	/users/	http://localhost:5173
2024/07/12	14:20:16	dacd3723-3741-4735-9beb-787caf162f09	PATCH	/users/	http://localhost:5173
2024/07/12	14:20:25	27c09889-0c2c-4d3d-8ecf-127a0addcd08	POST	/auth/logout	http://localhost:5173
2024/07/12	14:20:30	2be04066-2912-4288-8df6-671303944a9b	OPTIONS	/auth/login	http://localhost:5173
2024/07/12	14:20:30	d0bff6b1-0f0a-48fd-9363-4ec82673bba2	POST	/auth/login	http://localhost:5173
2024/07/12	14:20:31	8bb61763-3c50-4d45-bde8-ba7899369f2f	GET	/users/669111599f70199451029c19	http://localhost:5173
2024/07/12	14:20:31	69329e6e-c9e1-4ce3-910c-76e8adff65ff	GET	/users/669111599f70199451029c19	http://localhost:5173
2024/07/12	14:20:31	9dfb5e01-0494-4ff3-8018-e225b784cbc2	GET	/users/669111599f70199451029c19	http://localhost:5173
